#! /usr/bin/vvp
:ivl_version "12.0 (stable)";
:ivl_delay_selection "TYPICAL";
:vpi_time_precision + 0;
:vpi_module "/usr/lib/x86_64-linux-gnu/ivl/system.vpi";
:vpi_module "/usr/lib/x86_64-linux-gnu/ivl/vhdl_sys.vpi";
:vpi_module "/usr/lib/x86_64-linux-gnu/ivl/vhdl_textio.vpi";
:vpi_module "/usr/lib/x86_64-linux-gnu/ivl/v2005_math.vpi";
:vpi_module "/usr/lib/x86_64-linux-gnu/ivl/va_math.vpi";
S_0x58bca6ade1a0 .scope module, "decoder3x8_tb" "decoder3x8_tb" 2 2;
 .timescale 0 0;
v0x58bca6af9830_0 .var "a", 2 0;
v0x58bca6af9910_0 .net "y0", 0 0, L_0x58bca6afa440;  1 drivers
v0x58bca6af99e0_0 .net "y1", 0 0, L_0x58bca6afa5d0;  1 drivers
v0x58bca6af9ae0_0 .net "y2", 0 0, L_0x58bca6afa7b0;  1 drivers
v0x58bca6af9bb0_0 .net "y3", 0 0, L_0x58bca6afa9e0;  1 drivers
v0x58bca6af9c50_0 .net "y4", 0 0, L_0x58bca6afacc0;  1 drivers
v0x58bca6af9d20_0 .net "y5", 0 0, L_0x58bca6afaf50;  1 drivers
v0x58bca6af9df0_0 .net "y6", 0 0, L_0x58bca6afb200;  1 drivers
v0x58bca6af9ec0_0 .net "y7", 0 0, L_0x58bca6afb4d0;  1 drivers
S_0x58bca6ade330 .scope module, "uut" "decoder3x8_gatelevel" 2 7, 3 1 0, S_0x58bca6ade1a0;
 .timescale 0 0;
    .port_info 0 /INPUT 3 "a";
    .port_info 1 /OUTPUT 1 "y0";
    .port_info 2 /OUTPUT 1 "y1";
    .port_info 3 /OUTPUT 1 "y2";
    .port_info 4 /OUTPUT 1 "y3";
    .port_info 5 /OUTPUT 1 "y4";
    .port_info 6 /OUTPUT 1 "y5";
    .port_info 7 /OUTPUT 1 "y6";
    .port_info 8 /OUTPUT 1 "y7";
L_0x58bca6af9f90 .functor NOT 1, L_0x58bca6afa060, C4<0>, C4<0>, C4<0>;
L_0x58bca6afa150 .functor NOT 1, L_0x58bca6afa1c0, C4<0>, C4<0>, C4<0>;
L_0x58bca6afa2b0 .functor NOT 1, L_0x58bca6afa350, C4<0>, C4<0>, C4<0>;
L_0x58bca6afa440 .functor AND 1, L_0x58bca6afa2b0, L_0x58bca6afa150, L_0x58bca6af9f90, C4<1>;
L_0x58bca6afa5d0 .functor AND 1, L_0x58bca6afa2b0, L_0x58bca6afa150, L_0x58bca6afa690, C4<1>;
L_0x58bca6afa7b0 .functor AND 1, L_0x58bca6afa2b0, L_0x58bca6afa940, L_0x58bca6af9f90, C4<1>;
L_0x58bca6afa9e0 .functor AND 1, L_0x58bca6afa2b0, L_0x58bca6afaaa0, L_0x58bca6afabd0, C4<1>;
L_0x58bca6afacc0 .functor AND 1, L_0x58bca6afae60, L_0x58bca6afa150, L_0x58bca6af9f90, C4<1>;
L_0x58bca6afaf50 .functor AND 1, L_0x58bca6afafc0, L_0x58bca6afa150, L_0x58bca6afb0b0, C4<1>;
L_0x58bca6afb200 .functor AND 1, L_0x58bca6afb2d0, L_0x58bca6afb370, L_0x58bca6af9f90, C4<1>;
L_0x58bca6afb4d0 .functor AND 1, L_0x58bca6afb590, L_0x58bca6afb680, L_0x58bca6afb7f0, C4<1>;
v0x58bca6aa1490_0 .net *"_ivl_12", 0 0, L_0x58bca6afa690;  1 drivers
v0x58bca6af8180_0 .net *"_ivl_15", 0 0, L_0x58bca6afa940;  1 drivers
v0x58bca6af8260_0 .net *"_ivl_18", 0 0, L_0x58bca6afaaa0;  1 drivers
v0x58bca6af8320_0 .net *"_ivl_2", 0 0, L_0x58bca6afa060;  1 drivers
v0x58bca6af8400_0 .net *"_ivl_20", 0 0, L_0x58bca6afabd0;  1 drivers
v0x58bca6af8530_0 .net *"_ivl_23", 0 0, L_0x58bca6afae60;  1 drivers
v0x58bca6af8610_0 .net *"_ivl_26", 0 0, L_0x58bca6afafc0;  1 drivers
v0x58bca6af86f0_0 .net *"_ivl_28", 0 0, L_0x58bca6afb0b0;  1 drivers
v0x58bca6af87d0_0 .net *"_ivl_31", 0 0, L_0x58bca6afb2d0;  1 drivers
v0x58bca6af88b0_0 .net *"_ivl_33", 0 0, L_0x58bca6afb370;  1 drivers
v0x58bca6af8990_0 .net *"_ivl_36", 0 0, L_0x58bca6afb590;  1 drivers
v0x58bca6af8a70_0 .net *"_ivl_38", 0 0, L_0x58bca6afb680;  1 drivers
v0x58bca6af8b50_0 .net *"_ivl_40", 0 0, L_0x58bca6afb7f0;  1 drivers
v0x58bca6af8c30_0 .net *"_ivl_5", 0 0, L_0x58bca6afa1c0;  1 drivers
v0x58bca6af8d10_0 .net *"_ivl_8", 0 0, L_0x58bca6afa350;  1 drivers
v0x58bca6af8df0_0 .net "a", 2 0, v0x58bca6af9830_0;  1 drivers
v0x58bca6af8ed0_0 .net "a0_bar", 0 0, L_0x58bca6af9f90;  1 drivers
v0x58bca6af8f90_0 .net "a1_bar", 0 0, L_0x58bca6afa150;  1 drivers
v0x58bca6af9050_0 .net "a2_bar", 0 0, L_0x58bca6afa2b0;  1 drivers
v0x58bca6af9110_0 .net "y0", 0 0, L_0x58bca6afa440;  alias, 1 drivers
v0x58bca6af91d0_0 .net "y1", 0 0, L_0x58bca6afa5d0;  alias, 1 drivers
v0x58bca6af9290_0 .net "y2", 0 0, L_0x58bca6afa7b0;  alias, 1 drivers
v0x58bca6af9350_0 .net "y3", 0 0, L_0x58bca6afa9e0;  alias, 1 drivers
v0x58bca6af9410_0 .net "y4", 0 0, L_0x58bca6afacc0;  alias, 1 drivers
v0x58bca6af94d0_0 .net "y5", 0 0, L_0x58bca6afaf50;  alias, 1 drivers
v0x58bca6af9590_0 .net "y6", 0 0, L_0x58bca6afb200;  alias, 1 drivers
v0x58bca6af9650_0 .net "y7", 0 0, L_0x58bca6afb4d0;  alias, 1 drivers
L_0x58bca6afa060 .part v0x58bca6af9830_0, 0, 1;
L_0x58bca6afa1c0 .part v0x58bca6af9830_0, 1, 1;
L_0x58bca6afa350 .part v0x58bca6af9830_0, 2, 1;
L_0x58bca6afa690 .part v0x58bca6af9830_0, 0, 1;
L_0x58bca6afa940 .part v0x58bca6af9830_0, 1, 1;
L_0x58bca6afaaa0 .part v0x58bca6af9830_0, 1, 1;
L_0x58bca6afabd0 .part v0x58bca6af9830_0, 0, 1;
L_0x58bca6afae60 .part v0x58bca6af9830_0, 2, 1;
L_0x58bca6afafc0 .part v0x58bca6af9830_0, 2, 1;
L_0x58bca6afb0b0 .part v0x58bca6af9830_0, 0, 1;
L_0x58bca6afb2d0 .part v0x58bca6af9830_0, 2, 1;
L_0x58bca6afb370 .part v0x58bca6af9830_0, 1, 1;
L_0x58bca6afb590 .part v0x58bca6af9830_0, 2, 1;
L_0x58bca6afb680 .part v0x58bca6af9830_0, 1, 1;
L_0x58bca6afb7f0 .part v0x58bca6af9830_0, 0, 1;
    .scope S_0x58bca6ade1a0;
T_0 ;
    %vpi_call 2 20 "$dumpfile", "wave.vcd" {0 0 0};
    %vpi_call 2 21 "$dumpvars", 32'sb00000000000000000000000000000000, S_0x58bca6ade1a0 {0 0 0};
    %vpi_call 2 23 "$monitor", "Time=%0t a=%b y0=%b y1=%b y2=%b y3=%b y4=%b y5=%b y6=%b y7=%b", $time, v0x58bca6af9830_0, v0x58bca6af9910_0, v0x58bca6af99e0_0, v0x58bca6af9ae0_0, v0x58bca6af9bb0_0, v0x58bca6af9c50_0, v0x58bca6af9d20_0, v0x58bca6af9df0_0, v0x58bca6af9ec0_0 {0 0 0};
    %pushi/vec4 0, 0, 3;
    %store/vec4 v0x58bca6af9830_0, 0, 3;
    %delay 5, 0;
    %pushi/vec4 1, 0, 3;
    %store/vec4 v0x58bca6af9830_0, 0, 3;
    %delay 5, 0;
    %pushi/vec4 2, 0, 3;
    %store/vec4 v0x58bca6af9830_0, 0, 3;
    %delay 5, 0;
    %pushi/vec4 3, 0, 3;
    %store/vec4 v0x58bca6af9830_0, 0, 3;
    %delay 5, 0;
    %pushi/vec4 4, 0, 3;
    %store/vec4 v0x58bca6af9830_0, 0, 3;
    %delay 5, 0;
    %pushi/vec4 5, 0, 3;
    %store/vec4 v0x58bca6af9830_0, 0, 3;
    %delay 5, 0;
    %pushi/vec4 6, 0, 3;
    %store/vec4 v0x58bca6af9830_0, 0, 3;
    %delay 5, 0;
    %pushi/vec4 7, 0, 3;
    %store/vec4 v0x58bca6af9830_0, 0, 3;
    %delay 5, 0;
    %vpi_call 2 35 "$finish" {0 0 0};
    %end;
    .thread T_0;
# The file index is used to find the file name in the following table.
:file_names 4;
    "N/A";
    "<interactive>";
    "decoder_3x8_tb.v";
    "decoder_3x8.v";
