#! /usr/bin/vvp
:ivl_version "12.0 (stable)";
:ivl_delay_selection "TYPICAL";
:vpi_time_precision + 0;
:vpi_module "/usr/lib/x86_64-linux-gnu/ivl/system.vpi";
:vpi_module "/usr/lib/x86_64-linux-gnu/ivl/vhdl_sys.vpi";
:vpi_module "/usr/lib/x86_64-linux-gnu/ivl/vhdl_textio.vpi";
:vpi_module "/usr/lib/x86_64-linux-gnu/ivl/v2005_math.vpi";
:vpi_module "/usr/lib/x86_64-linux-gnu/ivl/va_math.vpi";
S_0x559b19e1c510 .scope module, "full_adder" "full_adder" 2 1;
 .timescale 0 0;
    .port_info 0 /INPUT 1 "a";
    .port_info 1 /INPUT 1 "b";
    .port_info 2 /INPUT 1 "cin";
    .port_info 3 /OUTPUT 1 "s";
    .port_info 4 /OUTPUT 1 "cout";
o0x7f3df02e6018 .functor BUFZ 1, C4<z>; HiZ drive
v0x559b19e1e400_0 .net "a", 0 0, o0x7f3df02e6018;  0 drivers
o0x7f3df02e6048 .functor BUFZ 1, C4<z>; HiZ drive
v0x559b19e63be0_0 .net "b", 0 0, o0x7f3df02e6048;  0 drivers
o0x7f3df02e6078 .functor BUFZ 1, C4<z>; HiZ drive
v0x559b19e63ca0_0 .net "cin", 0 0, o0x7f3df02e6078;  0 drivers
v0x559b19e63d40_0 .var "cout", 0 0;
v0x559b19e63e00_0 .var "s", 0 0;
E_0x559b19e1d6a0 .event anyedge, v0x559b19e1e400_0, v0x559b19e63be0_0, v0x559b19e63ca0_0;
    .scope S_0x559b19e1c510;
T_0 ;
    %wait E_0x559b19e1d6a0;
    %load/vec4 v0x559b19e1e400_0;
    %load/vec4 v0x559b19e63be0_0;
    %xor;
    %load/vec4 v0x559b19e63ca0_0;
    %xor;
    %store/vec4 v0x559b19e63e00_0, 0, 1;
    %load/vec4 v0x559b19e1e400_0;
    %load/vec4 v0x559b19e63be0_0;
    %and;
    %load/vec4 v0x559b19e63ca0_0;
    %load/vec4 v0x559b19e1e400_0;
    %load/vec4 v0x559b19e63be0_0;
    %xor;
    %and;
    %or;
    %store/vec4 v0x559b19e63d40_0, 0, 1;
    %jmp T_0;
    .thread T_0, $push;
# The file index is used to find the file name in the following table.
:file_names 3;
    "N/A";
    "<interactive>";
    "full_adder.v";
