#! /usr/bin/vvp
:ivl_version "12.0 (stable)";
:ivl_delay_selection "TYPICAL";
:vpi_time_precision + 0;
:vpi_module "/usr/lib/x86_64-linux-gnu/ivl/system.vpi";
:vpi_module "/usr/lib/x86_64-linux-gnu/ivl/vhdl_sys.vpi";
:vpi_module "/usr/lib/x86_64-linux-gnu/ivl/vhdl_textio.vpi";
:vpi_module "/usr/lib/x86_64-linux-gnu/ivl/v2005_math.vpi";
:vpi_module "/usr/lib/x86_64-linux-gnu/ivl/va_math.vpi";
S_0x59d3e3de1330 .scope module, "demux1x4_tb" "demux1x4_tb" 2 2;
 .timescale 0 0;
v0x59d3e3df8290_0 .var "i", 0 0;
v0x59d3e3df8350_0 .var "sel", 1 0;
v0x59d3e3df8420_0 .net "y0", 0 0, L_0x59d3e3df8ad0;  1 drivers
v0x59d3e3df8520_0 .net "y1", 0 0, L_0x59d3e3df8c80;  1 drivers
v0x59d3e3df85f0_0 .net "y2", 0 0, L_0x59d3e3df8e60;  1 drivers
v0x59d3e3df8690_0 .net "y3", 0 0, L_0x59d3e3df9030;  1 drivers
S_0x59d3e3de14c0 .scope module, "uut" "demux1x4_gatelevel" 2 8, 3 4 0, S_0x59d3e3de1330;
 .timescale 0 0;
    .port_info 0 /INPUT 1 "i";
    .port_info 1 /INPUT 2 "sel";
    .port_info 2 /OUTPUT 1 "y0";
    .port_info 3 /OUTPUT 1 "y1";
    .port_info 4 /OUTPUT 1 "y2";
    .port_info 5 /OUTPUT 1 "y3";
L_0x59d3e3df8760 .functor NOT 1, L_0x59d3e3df8830, C4<0>, C4<0>, C4<0>;
L_0x59d3e3df8970 .functor NOT 1, L_0x59d3e3df89e0, C4<0>, C4<0>, C4<0>;
L_0x59d3e3df8ad0 .functor AND 1, v0x59d3e3df8290_0, L_0x59d3e3df8970, L_0x59d3e3df8760, C4<1>;
L_0x59d3e3df8c80 .functor AND 1, v0x59d3e3df8290_0, L_0x59d3e3df8970, L_0x59d3e3df8d70, C4<1>;
L_0x59d3e3df8e60 .functor AND 1, v0x59d3e3df8290_0, L_0x59d3e3df8f60, L_0x59d3e3df8760, C4<1>;
L_0x59d3e3df9030 .functor AND 1, v0x59d3e3df8290_0, L_0x59d3e3df9130, L_0x59d3e3df9220, C4<1>;
v0x59d3e3da6490_0 .net *"_ivl_12", 0 0, L_0x59d3e3df8f60;  1 drivers
v0x59d3e3df7720_0 .net *"_ivl_15", 0 0, L_0x59d3e3df9130;  1 drivers
v0x59d3e3df7800_0 .net *"_ivl_17", 0 0, L_0x59d3e3df9220;  1 drivers
v0x59d3e3df78c0_0 .net *"_ivl_2", 0 0, L_0x59d3e3df8830;  1 drivers
v0x59d3e3df79a0_0 .net *"_ivl_5", 0 0, L_0x59d3e3df89e0;  1 drivers
v0x59d3e3df7ad0_0 .net *"_ivl_9", 0 0, L_0x59d3e3df8d70;  1 drivers
v0x59d3e3df7bb0_0 .net "i", 0 0, v0x59d3e3df8290_0;  1 drivers
v0x59d3e3df7c70_0 .net "s0_bar", 0 0, L_0x59d3e3df8760;  1 drivers
v0x59d3e3df7d30_0 .net "s1_bar", 0 0, L_0x59d3e3df8970;  1 drivers
v0x59d3e3df7df0_0 .net "sel", 1 0, v0x59d3e3df8350_0;  1 drivers
v0x59d3e3df7ed0_0 .net "y0", 0 0, L_0x59d3e3df8ad0;  alias, 1 drivers
v0x59d3e3df7f90_0 .net "y1", 0 0, L_0x59d3e3df8c80;  alias, 1 drivers
v0x59d3e3df8050_0 .net "y2", 0 0, L_0x59d3e3df8e60;  alias, 1 drivers
v0x59d3e3df8110_0 .net "y3", 0 0, L_0x59d3e3df9030;  alias, 1 drivers
L_0x59d3e3df8830 .part v0x59d3e3df8350_0, 0, 1;
L_0x59d3e3df89e0 .part v0x59d3e3df8350_0, 1, 1;
L_0x59d3e3df8d70 .part v0x59d3e3df8350_0, 0, 1;
L_0x59d3e3df8f60 .part v0x59d3e3df8350_0, 1, 1;
L_0x59d3e3df9130 .part v0x59d3e3df8350_0, 1, 1;
L_0x59d3e3df9220 .part v0x59d3e3df8350_0, 0, 1;
    .scope S_0x59d3e3de1330;
T_0 ;
    %vpi_call 2 18 "$dumpfile", "wave.vcd" {0 0 0};
    %vpi_call 2 19 "$dumpvars", 32'sb00000000000000000000000000000000, S_0x59d3e3de1330 {0 0 0};
    %vpi_call 2 21 "$monitor", "Time=%0t i=%b sel=%b y0=%b y1=%b y2=%b y3=%b", $time, v0x59d3e3df8290_0, v0x59d3e3df8350_0, v0x59d3e3df8420_0, v0x59d3e3df8520_0, v0x59d3e3df85f0_0, v0x59d3e3df8690_0 {0 0 0};
    %pushi/vec4 1, 0, 1;
    %store/vec4 v0x59d3e3df8290_0, 0, 1;
    %pushi/vec4 0, 0, 2;
    %store/vec4 v0x59d3e3df8350_0, 0, 2;
    %delay 5, 0;
    %pushi/vec4 1, 0, 2;
    %store/vec4 v0x59d3e3df8350_0, 0, 2;
    %delay 5, 0;
    %pushi/vec4 2, 0, 2;
    %store/vec4 v0x59d3e3df8350_0, 0, 2;
    %delay 5, 0;
    %pushi/vec4 3, 0, 2;
    %store/vec4 v0x59d3e3df8350_0, 0, 2;
    %delay 5, 0;
    %pushi/vec4 0, 0, 1;
    %store/vec4 v0x59d3e3df8290_0, 0, 1;
    %pushi/vec4 0, 0, 2;
    %store/vec4 v0x59d3e3df8350_0, 0, 2;
    %delay 5, 0;
    %pushi/vec4 1, 0, 2;
    %store/vec4 v0x59d3e3df8350_0, 0, 2;
    %delay 5, 0;
    %pushi/vec4 2, 0, 2;
    %store/vec4 v0x59d3e3df8350_0, 0, 2;
    %delay 5, 0;
    %pushi/vec4 3, 0, 2;
    %store/vec4 v0x59d3e3df8350_0, 0, 2;
    %delay 5, 0;
    %vpi_call 2 38 "$finish" {0 0 0};
    %end;
    .thread T_0;
# The file index is used to find the file name in the following table.
:file_names 4;
    "N/A";
    "<interactive>";
    "demux_1x4_tb.v";
    "demux_1x4.v";
