#! /usr/bin/vvp
:ivl_version "12.0 (stable)";
:ivl_delay_selection "TYPICAL";
:vpi_time_precision + 0;
:vpi_module "/usr/lib/x86_64-linux-gnu/ivl/system.vpi";
:vpi_module "/usr/lib/x86_64-linux-gnu/ivl/vhdl_sys.vpi";
:vpi_module "/usr/lib/x86_64-linux-gnu/ivl/vhdl_textio.vpi";
:vpi_module "/usr/lib/x86_64-linux-gnu/ivl/v2005_math.vpi";
:vpi_module "/usr/lib/x86_64-linux-gnu/ivl/va_math.vpi";
S_0x64a5b2366490 .scope module, "demux1x2_tb" "demux1x2_tb" 2 1;
 .timescale 0 0;
v0x64a5b23b3b20_0 .var "i", 0 0;
v0x64a5b23b3be0_0 .var "sel", 0 0;
v0x64a5b23b3cb0_0 .net "y0", 0 0, v0x64a5b23b38e0_0;  1 drivers
v0x64a5b23b3db0_0 .net "y1", 0 0, v0x64a5b23b39b0_0;  1 drivers
S_0x64a5b2366620 .scope module, "uut" "demux_1x2" 2 6, 3 1 0, S_0x64a5b2366490;
 .timescale 0 0;
    .port_info 0 /INPUT 1 "i";
    .port_info 1 /INPUT 1 "sel";
    .port_info 2 /OUTPUT 1 "y0";
    .port_info 3 /OUTPUT 1 "y1";
v0x64a5b23a0280_0 .net "i", 0 0, v0x64a5b23b3b20_0;  1 drivers
v0x64a5b23b3820_0 .net "sel", 0 0, v0x64a5b23b3be0_0;  1 drivers
v0x64a5b23b38e0_0 .var "y0", 0 0;
v0x64a5b23b39b0_0 .var "y1", 0 0;
E_0x64a5b23a0960 .event anyedge, v0x64a5b23b3820_0, v0x64a5b23a0280_0;
    .scope S_0x64a5b2366620;
T_0 ;
    %wait E_0x64a5b23a0960;
    %load/vec4 v0x64a5b23b3820_0;
    %flag_set/vec4 8;
    %jmp/0xz  T_0.0, 8;
    %pushi/vec4 0, 0, 1;
    %store/vec4 v0x64a5b23b38e0_0, 0, 1;
    %load/vec4 v0x64a5b23a0280_0;
    %store/vec4 v0x64a5b23b39b0_0, 0, 1;
    %jmp T_0.1;
T_0.0 ;
    %load/vec4 v0x64a5b23a0280_0;
    %store/vec4 v0x64a5b23b38e0_0, 0, 1;
    %pushi/vec4 0, 0, 1;
    %store/vec4 v0x64a5b23b39b0_0, 0, 1;
T_0.1 ;
    %jmp T_0;
    .thread T_0, $push;
    .scope S_0x64a5b2366490;
T_1 ;
    %vpi_call 2 14 "$dumpfile", "wave.vcd" {0 0 0};
    %vpi_call 2 15 "$dumpvars", 32'sb00000000000000000000000000000000, S_0x64a5b2366490 {0 0 0};
    %vpi_call 2 17 "$monitor", "Time=%0t i=%b sel=%b y0=%b y1=%b", $time, v0x64a5b23b3b20_0, v0x64a5b23b3be0_0, v0x64a5b23b3cb0_0, v0x64a5b23b3db0_0 {0 0 0};
    %pushi/vec4 0, 0, 1;
    %store/vec4 v0x64a5b23b3b20_0, 0, 1;
    %pushi/vec4 0, 0, 1;
    %store/vec4 v0x64a5b23b3be0_0, 0, 1;
    %delay 5, 0;
    %pushi/vec4 1, 0, 1;
    %store/vec4 v0x64a5b23b3b20_0, 0, 1;
    %pushi/vec4 0, 0, 1;
    %store/vec4 v0x64a5b23b3be0_0, 0, 1;
    %delay 5, 0;
    %pushi/vec4 0, 0, 1;
    %store/vec4 v0x64a5b23b3b20_0, 0, 1;
    %pushi/vec4 1, 0, 1;
    %store/vec4 v0x64a5b23b3be0_0, 0, 1;
    %delay 5, 0;
    %pushi/vec4 1, 0, 1;
    %store/vec4 v0x64a5b23b3b20_0, 0, 1;
    %pushi/vec4 1, 0, 1;
    %store/vec4 v0x64a5b23b3be0_0, 0, 1;
    %delay 5, 0;
    %vpi_call 2 25 "$finish" {0 0 0};
    %end;
    .thread T_1;
# The file index is used to find the file name in the following table.
:file_names 4;
    "N/A";
    "<interactive>";
    "demux_1x2_tb.v";
    "demux_1x2.v";
