#! /usr/bin/vvp
:ivl_version "12.0 (stable)";
:ivl_delay_selection "TYPICAL";
:vpi_time_precision + 0;
:vpi_module "/usr/lib/x86_64-linux-gnu/ivl/system.vpi";
:vpi_module "/usr/lib/x86_64-linux-gnu/ivl/vhdl_sys.vpi";
:vpi_module "/usr/lib/x86_64-linux-gnu/ivl/vhdl_textio.vpi";
:vpi_module "/usr/lib/x86_64-linux-gnu/ivl/v2005_math.vpi";
:vpi_module "/usr/lib/x86_64-linux-gnu/ivl/va_math.vpi";
S_0x5950a653a150 .scope module, "mux4x1_tb" "mux4x1_tb" 2 2;
 .timescale 0 0;
v0x5950a6552540_0 .var "i0", 0 0;
v0x5950a6552600_0 .var "i1", 0 0;
v0x5950a65526d0_0 .var "i2", 0 0;
v0x5950a65527d0_0 .var "i3", 0 0;
v0x5950a65528a0_0 .var "sel", 1 0;
v0x5950a6552940_0 .net "y", 0 0, L_0x5950a65530f0;  1 drivers
S_0x5950a653a2e0 .scope module, "uut" "mux4x1" 2 8, 3 2 0, S_0x5950a653a150;
 .timescale 0 0;
    .port_info 0 /INPUT 1 "i0";
    .port_info 1 /INPUT 1 "i1";
    .port_info 2 /INPUT 1 "i2";
    .port_info 3 /INPUT 1 "i3";
    .port_info 4 /INPUT 2 "sel";
    .port_info 5 /OUTPUT 1 "y";
L_0x77cde469d018 .functor BUFT 1, C4<00>, C4<0>, C4<0>, C4<0>;
v0x5950a6500490_0 .net/2u *"_ivl_0", 1 0, L_0x77cde469d018;  1 drivers
v0x5950a65519f0_0 .net *"_ivl_10", 0 0, L_0x5950a6552cd0;  1 drivers
v0x5950a6551ab0_0 .net *"_ivl_12", 0 0, L_0x5950a6552da0;  1 drivers
v0x5950a6551b70_0 .net *"_ivl_14", 0 0, L_0x5950a6552f60;  1 drivers
v0x5950a6551c50_0 .net *"_ivl_2", 0 0, L_0x5950a6552a40;  1 drivers
L_0x77cde469d060 .functor BUFT 1, C4<01>, C4<0>, C4<0>, C4<0>;
v0x5950a6551d60_0 .net/2u *"_ivl_4", 1 0, L_0x77cde469d060;  1 drivers
v0x5950a6551e40_0 .net *"_ivl_6", 0 0, L_0x5950a6552bb0;  1 drivers
L_0x77cde469d0a8 .functor BUFT 1, C4<10>, C4<0>, C4<0>, C4<0>;
v0x5950a6551f00_0 .net/2u *"_ivl_8", 1 0, L_0x77cde469d0a8;  1 drivers
v0x5950a6551fe0_0 .net "i0", 0 0, v0x5950a6552540_0;  1 drivers
v0x5950a65520a0_0 .net "i1", 0 0, v0x5950a6552600_0;  1 drivers
v0x5950a6552160_0 .net "i2", 0 0, v0x5950a65526d0_0;  1 drivers
v0x5950a6552220_0 .net "i3", 0 0, v0x5950a65527d0_0;  1 drivers
v0x5950a65522e0_0 .net "sel", 1 0, v0x5950a65528a0_0;  1 drivers
v0x5950a65523c0_0 .net "y", 0 0, L_0x5950a65530f0;  alias, 1 drivers
L_0x5950a6552a40 .cmp/eq 2, v0x5950a65528a0_0, L_0x77cde469d018;
L_0x5950a6552bb0 .cmp/eq 2, v0x5950a65528a0_0, L_0x77cde469d060;
L_0x5950a6552cd0 .cmp/eq 2, v0x5950a65528a0_0, L_0x77cde469d0a8;
L_0x5950a6552da0 .functor MUXZ 1, v0x5950a65527d0_0, v0x5950a65526d0_0, L_0x5950a6552cd0, C4<>;
L_0x5950a6552f60 .functor MUXZ 1, L_0x5950a6552da0, v0x5950a6552600_0, L_0x5950a6552bb0, C4<>;
L_0x5950a65530f0 .functor MUXZ 1, L_0x5950a6552f60, v0x5950a6552540_0, L_0x5950a6552a40, C4<>;
    .scope S_0x5950a653a150;
T_0 ;
    %vpi_call 2 18 "$dumpfile", "wave.vcd" {0 0 0};
    %vpi_call 2 19 "$dumpvars", 32'sb00000000000000000000000000000000, S_0x5950a653a150 {0 0 0};
    %vpi_call 2 21 "$monitor", "Time=%0t i0=%b i1=%b i2=%b i3=%b sel=%b y=%b", $time, v0x5950a6552540_0, v0x5950a6552600_0, v0x5950a65526d0_0, v0x5950a65527d0_0, v0x5950a65528a0_0, v0x5950a6552940_0 {0 0 0};
    %pushi/vec4 0, 0, 1;
    %store/vec4 v0x5950a6552540_0, 0, 1;
    %pushi/vec4 1, 0, 1;
    %store/vec4 v0x5950a6552600_0, 0, 1;
    %pushi/vec4 0, 0, 1;
    %store/vec4 v0x5950a65526d0_0, 0, 1;
    %pushi/vec4 1, 0, 1;
    %store/vec4 v0x5950a65527d0_0, 0, 1;
    %pushi/vec4 0, 0, 2;
    %store/vec4 v0x5950a65528a0_0, 0, 2;
    %delay 5, 0;
    %pushi/vec4 1, 0, 2;
    %store/vec4 v0x5950a65528a0_0, 0, 2;
    %delay 5, 0;
    %pushi/vec4 2, 0, 2;
    %store/vec4 v0x5950a65528a0_0, 0, 2;
    %delay 5, 0;
    %pushi/vec4 3, 0, 2;
    %store/vec4 v0x5950a65528a0_0, 0, 2;
    %delay 5, 0;
    %pushi/vec4 1, 0, 1;
    %store/vec4 v0x5950a6552540_0, 0, 1;
    %pushi/vec4 0, 0, 1;
    %store/vec4 v0x5950a6552600_0, 0, 1;
    %pushi/vec4 1, 0, 1;
    %store/vec4 v0x5950a65526d0_0, 0, 1;
    %pushi/vec4 0, 0, 1;
    %store/vec4 v0x5950a65527d0_0, 0, 1;
    %pushi/vec4 0, 0, 2;
    %store/vec4 v0x5950a65528a0_0, 0, 2;
    %delay 5, 0;
    %pushi/vec4 1, 0, 2;
    %store/vec4 v0x5950a65528a0_0, 0, 2;
    %delay 5, 0;
    %pushi/vec4 2, 0, 2;
    %store/vec4 v0x5950a65528a0_0, 0, 2;
    %delay 5, 0;
    %pushi/vec4 3, 0, 2;
    %store/vec4 v0x5950a65528a0_0, 0, 2;
    %delay 5, 0;
    %vpi_call 2 38 "$finish" {0 0 0};
    %end;
    .thread T_0;
# The file index is used to find the file name in the following table.
:file_names 4;
    "N/A";
    "<interactive>";
    "mux_4x1_tb.v";
    "mux_4x1.v";
