#! /usr/bin/vvp
:ivl_version "12.0 (stable)";
:ivl_delay_selection "TYPICAL";
:vpi_time_precision + 0;
:vpi_module "/usr/lib/x86_64-linux-gnu/ivl/system.vpi";
:vpi_module "/usr/lib/x86_64-linux-gnu/ivl/vhdl_sys.vpi";
:vpi_module "/usr/lib/x86_64-linux-gnu/ivl/vhdl_textio.vpi";
:vpi_module "/usr/lib/x86_64-linux-gnu/ivl/v2005_math.vpi";
:vpi_module "/usr/lib/x86_64-linux-gnu/ivl/va_math.vpi";
S_0x55f2195778b0 .scope module, "encoder4x2_tb" "encoder4x2_tb" 2 2;
 .timescale 0 0;
v0x55f21958d0b0_0 .var "i0", 0 0;
v0x55f21958d170_0 .var "i1", 0 0;
v0x55f21958d240_0 .var "i2", 0 0;
v0x55f21958d340_0 .var "i3", 0 0;
v0x55f21958d410_0 .net "y", 1 0, v0x55f21958cee0_0;  1 drivers
S_0x55f219577a40 .scope module, "uut" "encoder4x2" 2 7, 3 2 0, S_0x55f2195778b0;
 .timescale 0 0;
    .port_info 0 /INPUT 1 "i0";
    .port_info 1 /INPUT 1 "i1";
    .port_info 2 /INPUT 1 "i2";
    .port_info 3 /INPUT 1 "i3";
    .port_info 4 /OUTPUT 2 "y";
v0x55f219577c20_0 .net "i0", 0 0, v0x55f21958d0b0_0;  1 drivers
v0x55f21958cc90_0 .net "i1", 0 0, v0x55f21958d170_0;  1 drivers
v0x55f21958cd50_0 .net "i2", 0 0, v0x55f21958d240_0;  1 drivers
v0x55f21958ce20_0 .net "i3", 0 0, v0x55f21958d340_0;  1 drivers
v0x55f21958cee0_0 .var "y", 1 0;
E_0x55f21953db60 .event anyedge, v0x55f21958ce20_0, v0x55f21958cd50_0, v0x55f21958cc90_0, v0x55f219577c20_0;
    .scope S_0x55f219577a40;
T_0 ;
    %wait E_0x55f21953db60;
    %load/vec4 v0x55f21958ce20_0;
    %load/vec4 v0x55f21958cd50_0;
    %concat/vec4; draw_concat_vec4
    %load/vec4 v0x55f21958cc90_0;
    %concat/vec4; draw_concat_vec4
    %load/vec4 v0x55f219577c20_0;
    %concat/vec4; draw_concat_vec4
    %dup/vec4;
    %pushi/vec4 1, 0, 4;
    %cmp/u;
    %jmp/1 T_0.0, 6;
    %dup/vec4;
    %pushi/vec4 2, 0, 4;
    %cmp/u;
    %jmp/1 T_0.1, 6;
    %dup/vec4;
    %pushi/vec4 4, 0, 4;
    %cmp/u;
    %jmp/1 T_0.2, 6;
    %dup/vec4;
    %pushi/vec4 8, 0, 4;
    %cmp/u;
    %jmp/1 T_0.3, 6;
    %pushi/vec4 0, 0, 2;
    %store/vec4 v0x55f21958cee0_0, 0, 2;
    %jmp T_0.5;
T_0.0 ;
    %pushi/vec4 0, 0, 2;
    %store/vec4 v0x55f21958cee0_0, 0, 2;
    %jmp T_0.5;
T_0.1 ;
    %pushi/vec4 1, 0, 2;
    %store/vec4 v0x55f21958cee0_0, 0, 2;
    %jmp T_0.5;
T_0.2 ;
    %pushi/vec4 2, 0, 2;
    %store/vec4 v0x55f21958cee0_0, 0, 2;
    %jmp T_0.5;
T_0.3 ;
    %pushi/vec4 3, 0, 2;
    %store/vec4 v0x55f21958cee0_0, 0, 2;
    %jmp T_0.5;
T_0.5 ;
    %pop/vec4 1;
    %jmp T_0;
    .thread T_0, $push;
    .scope S_0x55f2195778b0;
T_1 ;
    %vpi_call 2 16 "$dumpfile", "wave.vcd" {0 0 0};
    %vpi_call 2 17 "$dumpvars", 32'sb00000000000000000000000000000000, S_0x55f2195778b0 {0 0 0};
    %vpi_call 2 19 "$monitor", "Time=%0t i3=%b i2=%b i1=%b i0=%b y=%b", $time, v0x55f21958d340_0, v0x55f21958d240_0, v0x55f21958d170_0, v0x55f21958d0b0_0, v0x55f21958d410_0 {0 0 0};
    %pushi/vec4 1, 0, 1;
    %store/vec4 v0x55f21958d0b0_0, 0, 1;
    %pushi/vec4 0, 0, 1;
    %store/vec4 v0x55f21958d170_0, 0, 1;
    %pushi/vec4 0, 0, 1;
    %store/vec4 v0x55f21958d240_0, 0, 1;
    %pushi/vec4 0, 0, 1;
    %store/vec4 v0x55f21958d340_0, 0, 1;
    %delay 5, 0;
    %pushi/vec4 0, 0, 1;
    %store/vec4 v0x55f21958d0b0_0, 0, 1;
    %pushi/vec4 1, 0, 1;
    %store/vec4 v0x55f21958d170_0, 0, 1;
    %pushi/vec4 0, 0, 1;
    %store/vec4 v0x55f21958d240_0, 0, 1;
    %pushi/vec4 0, 0, 1;
    %store/vec4 v0x55f21958d340_0, 0, 1;
    %delay 5, 0;
    %pushi/vec4 0, 0, 1;
    %store/vec4 v0x55f21958d0b0_0, 0, 1;
    %pushi/vec4 0, 0, 1;
    %store/vec4 v0x55f21958d170_0, 0, 1;
    %pushi/vec4 1, 0, 1;
    %store/vec4 v0x55f21958d240_0, 0, 1;
    %pushi/vec4 0, 0, 1;
    %store/vec4 v0x55f21958d340_0, 0, 1;
    %delay 5, 0;
    %pushi/vec4 0, 0, 1;
    %store/vec4 v0x55f21958d0b0_0, 0, 1;
    %pushi/vec4 0, 0, 1;
    %store/vec4 v0x55f21958d170_0, 0, 1;
    %pushi/vec4 0, 0, 1;
    %store/vec4 v0x55f21958d240_0, 0, 1;
    %pushi/vec4 1, 0, 1;
    %store/vec4 v0x55f21958d340_0, 0, 1;
    %delay 5, 0;
    %vpi_call 2 27 "$finish" {0 0 0};
    %end;
    .thread T_1;
# The file index is used to find the file name in the following table.
:file_names 4;
    "N/A";
    "<interactive>";
    "encoder_tb.v";
    "encoder.v";
