#! /usr/bin/vvp
:ivl_version "12.0 (stable)";
:ivl_delay_selection "TYPICAL";
:vpi_time_precision + 0;
:vpi_module "/usr/lib/x86_64-linux-gnu/ivl/system.vpi";
:vpi_module "/usr/lib/x86_64-linux-gnu/ivl/vhdl_sys.vpi";
:vpi_module "/usr/lib/x86_64-linux-gnu/ivl/vhdl_textio.vpi";
:vpi_module "/usr/lib/x86_64-linux-gnu/ivl/v2005_math.vpi";
:vpi_module "/usr/lib/x86_64-linux-gnu/ivl/va_math.vpi";
S_0x58353c1d0940 .scope module, "mux2x1_tb" "mux2x1_tb" 2 1;
 .timescale 0 0;
v0x58353c1e7190_0 .var "a", 0 0;
v0x58353c1e7250_0 .var "b", 0 0;
v0x58353c1e7320_0 .var "sel", 0 0;
v0x58353c1e7420_0 .net "y", 0 0, v0x58353c1e7020_0;  1 drivers
S_0x58353c1d0ad0 .scope module, "uut" "mux2x1" 2 6, 3 1 0, S_0x58353c1d0940;
 .timescale 0 0;
    .port_info 0 /INPUT 1 "a";
    .port_info 1 /INPUT 1 "b";
    .port_info 2 /INPUT 1 "sel";
    .port_info 3 /OUTPUT 1 "y";
v0x58353c197490_0 .net "a", 0 0, v0x58353c1e7190_0;  1 drivers
v0x58353c1e6e90_0 .net "b", 0 0, v0x58353c1e7250_0;  1 drivers
v0x58353c1e6f50_0 .net "sel", 0 0, v0x58353c1e7320_0;  1 drivers
v0x58353c1e7020_0 .var "y", 0 0;
E_0x58353c1986a0 .event anyedge, v0x58353c1e6f50_0, v0x58353c1e6e90_0, v0x58353c197490_0;
    .scope S_0x58353c1d0ad0;
T_0 ;
    %wait E_0x58353c1986a0;
    %load/vec4 v0x58353c1e6f50_0;
    %flag_set/vec4 8;
    %jmp/0xz  T_0.0, 8;
    %load/vec4 v0x58353c1e6e90_0;
    %store/vec4 v0x58353c1e7020_0, 0, 1;
    %jmp T_0.1;
T_0.0 ;
    %load/vec4 v0x58353c197490_0;
    %store/vec4 v0x58353c1e7020_0, 0, 1;
T_0.1 ;
    %jmp T_0;
    .thread T_0, $push;
    .scope S_0x58353c1d0940;
T_1 ;
    %vpi_call 2 14 "$dumpfile", "wave.vcd" {0 0 0};
    %vpi_call 2 15 "$dumpvars", 32'sb00000000000000000000000000000000, S_0x58353c1d0940 {0 0 0};
    %vpi_call 2 17 "$monitor", "Time=%0t a=%b b=%b sel=%b y=%b", $time, v0x58353c1e7190_0, v0x58353c1e7250_0, v0x58353c1e7320_0, v0x58353c1e7420_0 {0 0 0};
    %pushi/vec4 0, 0, 1;
    %store/vec4 v0x58353c1e7190_0, 0, 1;
    %pushi/vec4 0, 0, 1;
    %store/vec4 v0x58353c1e7250_0, 0, 1;
    %pushi/vec4 0, 0, 1;
    %store/vec4 v0x58353c1e7320_0, 0, 1;
    %delay 5, 0;
    %pushi/vec4 0, 0, 1;
    %store/vec4 v0x58353c1e7190_0, 0, 1;
    %pushi/vec4 1, 0, 1;
    %store/vec4 v0x58353c1e7250_0, 0, 1;
    %pushi/vec4 0, 0, 1;
    %store/vec4 v0x58353c1e7320_0, 0, 1;
    %delay 5, 0;
    %pushi/vec4 1, 0, 1;
    %store/vec4 v0x58353c1e7190_0, 0, 1;
    %pushi/vec4 0, 0, 1;
    %store/vec4 v0x58353c1e7250_0, 0, 1;
    %pushi/vec4 0, 0, 1;
    %store/vec4 v0x58353c1e7320_0, 0, 1;
    %delay 5, 0;
    %pushi/vec4 1, 0, 1;
    %store/vec4 v0x58353c1e7190_0, 0, 1;
    %pushi/vec4 1, 0, 1;
    %store/vec4 v0x58353c1e7250_0, 0, 1;
    %pushi/vec4 0, 0, 1;
    %store/vec4 v0x58353c1e7320_0, 0, 1;
    %delay 5, 0;
    %pushi/vec4 0, 0, 1;
    %store/vec4 v0x58353c1e7190_0, 0, 1;
    %pushi/vec4 0, 0, 1;
    %store/vec4 v0x58353c1e7250_0, 0, 1;
    %pushi/vec4 1, 0, 1;
    %store/vec4 v0x58353c1e7320_0, 0, 1;
    %delay 5, 0;
    %pushi/vec4 0, 0, 1;
    %store/vec4 v0x58353c1e7190_0, 0, 1;
    %pushi/vec4 1, 0, 1;
    %store/vec4 v0x58353c1e7250_0, 0, 1;
    %pushi/vec4 1, 0, 1;
    %store/vec4 v0x58353c1e7320_0, 0, 1;
    %delay 5, 0;
    %pushi/vec4 1, 0, 1;
    %store/vec4 v0x58353c1e7190_0, 0, 1;
    %pushi/vec4 0, 0, 1;
    %store/vec4 v0x58353c1e7250_0, 0, 1;
    %pushi/vec4 1, 0, 1;
    %store/vec4 v0x58353c1e7320_0, 0, 1;
    %delay 5, 0;
    %pushi/vec4 1, 0, 1;
    %store/vec4 v0x58353c1e7190_0, 0, 1;
    %pushi/vec4 1, 0, 1;
    %store/vec4 v0x58353c1e7250_0, 0, 1;
    %pushi/vec4 1, 0, 1;
    %store/vec4 v0x58353c1e7320_0, 0, 1;
    %delay 5, 0;
    %vpi_call 2 30 "$finish" {0 0 0};
    %end;
    .thread T_1;
# The file index is used to find the file name in the following table.
:file_names 4;
    "N/A";
    "<interactive>";
    "mux_2x1_tb.v";
    "mux_2x1.v";
