#! /usr/bin/vvp
:ivl_version "12.0 (stable)";
:ivl_delay_selection "TYPICAL";
:vpi_time_precision + 0;
:vpi_module "/usr/lib/x86_64-linux-gnu/ivl/system.vpi";
:vpi_module "/usr/lib/x86_64-linux-gnu/ivl/vhdl_sys.vpi";
:vpi_module "/usr/lib/x86_64-linux-gnu/ivl/vhdl_textio.vpi";
:vpi_module "/usr/lib/x86_64-linux-gnu/ivl/v2005_math.vpi";
:vpi_module "/usr/lib/x86_64-linux-gnu/ivl/va_math.vpi";
S_0x60948d100320 .scope module, "xor_gate_tb" "xor_gate_tb" 2 1;
 .timescale 0 0;
v0x60948d111920_0 .var "a", 0 0;
v0x60948d1119f0_0 .var "b", 0 0;
v0x60948d111ac0_0 .net "y", 0 0, L_0x60948d111bc0;  1 drivers
S_0x60948d1004b0 .scope module, "dut" "xor_gate" 2 4, 3 1 0, S_0x60948d100320;
 .timescale 0 0;
    .port_info 0 /INPUT 1 "a";
    .port_info 1 /INPUT 1 "b";
    .port_info 2 /OUTPUT 1 "y";
L_0x60948d111bc0 .functor XOR 1, v0x60948d111920_0, v0x60948d1119f0_0, C4<0>, C4<0>;
v0x60948d0c7490_0 .net "a", 0 0, v0x60948d111920_0;  1 drivers
v0x60948d111740_0 .net "b", 0 0, v0x60948d1119f0_0;  1 drivers
v0x60948d111800_0 .net "y", 0 0, L_0x60948d111bc0;  alias, 1 drivers
    .scope S_0x60948d100320;
T_0 ;
    %vpi_call 2 6 "$dumpfile", "wave.vcd" {0 0 0};
    %vpi_call 2 7 "$dumpvars", 32'sb00000000000000000000000000000000, S_0x60948d100320 {0 0 0};
    %vpi_call 2 8 "$monitor", "%b %b %b", v0x60948d111920_0, v0x60948d1119f0_0, v0x60948d111ac0_0 {0 0 0};
    %pushi/vec4 0, 0, 1;
    %store/vec4 v0x60948d111920_0, 0, 1;
    %pushi/vec4 0, 0, 1;
    %store/vec4 v0x60948d1119f0_0, 0, 1;
    %delay 10, 0;
    %pushi/vec4 0, 0, 1;
    %store/vec4 v0x60948d111920_0, 0, 1;
    %pushi/vec4 1, 0, 1;
    %store/vec4 v0x60948d1119f0_0, 0, 1;
    %delay 10, 0;
    %pushi/vec4 1, 0, 1;
    %store/vec4 v0x60948d111920_0, 0, 1;
    %pushi/vec4 0, 0, 1;
    %store/vec4 v0x60948d1119f0_0, 0, 1;
    %delay 10, 0;
    %pushi/vec4 1, 0, 1;
    %store/vec4 v0x60948d111920_0, 0, 1;
    %pushi/vec4 1, 0, 1;
    %store/vec4 v0x60948d1119f0_0, 0, 1;
    %delay 10, 0;
    %vpi_call 2 13 "$finish" {0 0 0};
    %end;
    .thread T_0;
# The file index is used to find the file name in the following table.
:file_names 4;
    "N/A";
    "<interactive>";
    "xor_gate_tb.v";
    "xor_gate.v";
