#! /usr/bin/vvp
:ivl_version "12.0 (stable)";
:ivl_delay_selection "TYPICAL";
:vpi_time_precision + 0;
:vpi_module "/usr/lib/x86_64-linux-gnu/ivl/system.vpi";
:vpi_module "/usr/lib/x86_64-linux-gnu/ivl/vhdl_sys.vpi";
:vpi_module "/usr/lib/x86_64-linux-gnu/ivl/vhdl_textio.vpi";
:vpi_module "/usr/lib/x86_64-linux-gnu/ivl/v2005_math.vpi";
:vpi_module "/usr/lib/x86_64-linux-gnu/ivl/va_math.vpi";
S_0x598bd8d8e570 .scope module, "xor_gate" "xor_gate" 2 1;
 .timescale 0 0;
    .port_info 0 /INPUT 1 "a";
    .port_info 1 /INPUT 1 "b";
    .port_info 2 /OUTPUT 1 "y";
o0x7b14c9ae6018 .functor BUFZ 1, C4<z>; HiZ drive
o0x7b14c9ae6048 .functor BUFZ 1, C4<z>; HiZ drive
L_0x598bd8dd4560 .functor AND 1, o0x7b14c9ae6018, o0x7b14c9ae6048, C4<1>, C4<1>;
v0x598bd8d90400_0 .net "a", 0 0, o0x7b14c9ae6018;  0 drivers
v0x598bd8dd4380_0 .net "b", 0 0, o0x7b14c9ae6048;  0 drivers
v0x598bd8dd4440_0 .net "y", 0 0, L_0x598bd8dd4560;  1 drivers
# The file index is used to find the file name in the following table.
:file_names 3;
    "N/A";
    "<interactive>";
    "xor_gate.v";
