#! /usr/bin/vvp
:ivl_version "12.0 (stable)";
:ivl_delay_selection "TYPICAL";
:vpi_time_precision + 0;
:vpi_module "/usr/lib/x86_64-linux-gnu/ivl/system.vpi";
:vpi_module "/usr/lib/x86_64-linux-gnu/ivl/vhdl_sys.vpi";
:vpi_module "/usr/lib/x86_64-linux-gnu/ivl/vhdl_textio.vpi";
:vpi_module "/usr/lib/x86_64-linux-gnu/ivl/v2005_math.vpi";
:vpi_module "/usr/lib/x86_64-linux-gnu/ivl/va_math.vpi";
S_0x6200ca225510 .scope module, "full_subtractor" "full_subtractor" 2 1;
 .timescale 0 0;
    .port_info 0 /INPUT 1 "a";
    .port_info 1 /INPUT 1 "b";
    .port_info 2 /INPUT 1 "bin";
    .port_info 3 /OUTPUT 1 "d";
    .port_info 4 /OUTPUT 1 "bout";
o0x74d1e0689018 .functor BUFZ 1, C4<z>; HiZ drive
v0x6200ca227400_0 .net "a", 0 0, o0x74d1e0689018;  0 drivers
o0x74d1e0689048 .functor BUFZ 1, C4<z>; HiZ drive
v0x6200ca26cdc0_0 .net "b", 0 0, o0x74d1e0689048;  0 drivers
o0x74d1e0689078 .functor BUFZ 1, C4<z>; HiZ drive
v0x6200ca26ce80_0 .net "bin", 0 0, o0x74d1e0689078;  0 drivers
v0x6200ca26cf20_0 .var "bout", 0 0;
v0x6200ca26cfe0_0 .var "d", 0 0;
E_0x6200ca2266a0 .event anyedge, v0x6200ca227400_0, v0x6200ca26cdc0_0, v0x6200ca26ce80_0;
    .scope S_0x6200ca225510;
T_0 ;
    %wait E_0x6200ca2266a0;
    %load/vec4 v0x6200ca227400_0;
    %load/vec4 v0x6200ca26cdc0_0;
    %xor;
    %load/vec4 v0x6200ca26ce80_0;
    %xor;
    %cassign/vec4 v0x6200ca26cfe0_0;
    %load/vec4 v0x6200ca227400_0;
    %inv;
    %load/vec4 v0x6200ca26cdc0_0;
    %and;
    %load/vec4 v0x6200ca227400_0;
    %load/vec4 v0x6200ca26cdc0_0;
    %xor;
    %inv;
    %load/vec4 v0x6200ca26ce80_0;
    %and;
    %or;
    %cassign/vec4 v0x6200ca26cf20_0;
    %jmp T_0;
    .thread T_0, $push;
# The file index is used to find the file name in the following table.
:file_names 3;
    "N/A";
    "<interactive>";
    "full_subtractor.v";
