#! /usr/bin/vvp
:ivl_version "12.0 (stable)";
:ivl_delay_selection "TYPICAL";
:vpi_time_precision + 0;
:vpi_module "/usr/lib/x86_64-linux-gnu/ivl/system.vpi";
:vpi_module "/usr/lib/x86_64-linux-gnu/ivl/vhdl_sys.vpi";
:vpi_module "/usr/lib/x86_64-linux-gnu/ivl/vhdl_textio.vpi";
:vpi_module "/usr/lib/x86_64-linux-gnu/ivl/v2005_math.vpi";
:vpi_module "/usr/lib/x86_64-linux-gnu/ivl/va_math.vpi";
S_0x59b42c27bb70 .scope module, "decoder2x4_tb" "decoder2x4_tb" 2 1;
 .timescale 0 0;
v0x59b42c28f3d0_0 .var "a", 1 0;
v0x59b42c28f4b0_0 .net "y0", 0 0, v0x59b42c28efd0_0;  1 drivers
v0x59b42c28f580_0 .net "y1", 0 0, v0x59b42c28f090_0;  1 drivers
v0x59b42c28f680_0 .net "y2", 0 0, v0x59b42c28f160_0;  1 drivers
v0x59b42c28f750_0 .net "y3", 0 0, v0x59b42c28f220_0;  1 drivers
S_0x59b42c27bd00 .scope module, "uut" "decoder2x4" 2 6, 3 2 0, S_0x59b42c27bb70;
 .timescale 0 0;
    .port_info 0 /INPUT 2 "a";
    .port_info 1 /OUTPUT 1 "y0";
    .port_info 2 /OUTPUT 1 "y1";
    .port_info 3 /OUTPUT 1 "y2";
    .port_info 4 /OUTPUT 1 "y3";
v0x59b42c27bf00_0 .net "a", 1 0, v0x59b42c28f3d0_0;  1 drivers
v0x59b42c28efd0_0 .var "y0", 0 0;
v0x59b42c28f090_0 .var "y1", 0 0;
v0x59b42c28f160_0 .var "y2", 0 0;
v0x59b42c28f220_0 .var "y3", 0 0;
E_0x59b42c241dd0 .event anyedge, v0x59b42c27bf00_0;
    .scope S_0x59b42c27bd00;
T_0 ;
    %wait E_0x59b42c241dd0;
    %pushi/vec4 0, 0, 1;
    %store/vec4 v0x59b42c28efd0_0, 0, 1;
    %pushi/vec4 0, 0, 1;
    %store/vec4 v0x59b42c28f090_0, 0, 1;
    %pushi/vec4 0, 0, 1;
    %store/vec4 v0x59b42c28f160_0, 0, 1;
    %pushi/vec4 0, 0, 1;
    %store/vec4 v0x59b42c28f220_0, 0, 1;
    %load/vec4 v0x59b42c27bf00_0;
    %dup/vec4;
    %pushi/vec4 0, 0, 2;
    %cmp/u;
    %jmp/1 T_0.0, 6;
    %dup/vec4;
    %pushi/vec4 1, 0, 2;
    %cmp/u;
    %jmp/1 T_0.1, 6;
    %dup/vec4;
    %pushi/vec4 2, 0, 2;
    %cmp/u;
    %jmp/1 T_0.2, 6;
    %dup/vec4;
    %pushi/vec4 3, 0, 2;
    %cmp/u;
    %jmp/1 T_0.3, 6;
    %jmp T_0.4;
T_0.0 ;
    %pushi/vec4 1, 0, 1;
    %store/vec4 v0x59b42c28efd0_0, 0, 1;
    %jmp T_0.4;
T_0.1 ;
    %pushi/vec4 1, 0, 1;
    %store/vec4 v0x59b42c28f090_0, 0, 1;
    %jmp T_0.4;
T_0.2 ;
    %pushi/vec4 1, 0, 1;
    %store/vec4 v0x59b42c28f160_0, 0, 1;
    %jmp T_0.4;
T_0.3 ;
    %pushi/vec4 1, 0, 1;
    %store/vec4 v0x59b42c28f220_0, 0, 1;
    %jmp T_0.4;
T_0.4 ;
    %pop/vec4 1;
    %jmp T_0;
    .thread T_0, $push;
    .scope S_0x59b42c27bb70;
T_1 ;
    %vpi_call 2 15 "$dumpfile", "wave.vcd" {0 0 0};
    %vpi_call 2 16 "$dumpvars", 32'sb00000000000000000000000000000000, S_0x59b42c27bb70 {0 0 0};
    %vpi_call 2 18 "$monitor", "Time=%0t a=%b y0=%b y1=%b y2=%b y3=%b", $time, v0x59b42c28f3d0_0, v0x59b42c28f4b0_0, v0x59b42c28f580_0, v0x59b42c28f680_0, v0x59b42c28f750_0 {0 0 0};
    %pushi/vec4 0, 0, 2;
    %store/vec4 v0x59b42c28f3d0_0, 0, 2;
    %delay 5, 0;
    %pushi/vec4 1, 0, 2;
    %store/vec4 v0x59b42c28f3d0_0, 0, 2;
    %delay 5, 0;
    %pushi/vec4 2, 0, 2;
    %store/vec4 v0x59b42c28f3d0_0, 0, 2;
    %delay 5, 0;
    %pushi/vec4 3, 0, 2;
    %store/vec4 v0x59b42c28f3d0_0, 0, 2;
    %delay 5, 0;
    %vpi_call 2 26 "$finish" {0 0 0};
    %end;
    .thread T_1;
# The file index is used to find the file name in the following table.
:file_names 4;
    "N/A";
    "<interactive>";
    "decoder_2x4_tb.v";
    "decoder_2x4.v";
